[INFO] 01-Jan-2022 02:41:47 - [Automatic Defect Classification System]
[INFO] 01-Jan-2022 02:41:47 - // By: Tam Zher Min
[INFO] 01-Jan-2022 02:41:47 - // User Guide: https://github.com/zhermin/ADCS
[INFO] 01-Jan-2022 02:41:47 - Click START to begin selected mode
[WARNING] 01-Jan-2022 02:41:48 - Production Started
[INFO] 01-Jan-2022 02:41:56 - [BACKSIDE] Model Loaded:
backside_22Dec2021-1753_97.15%.h5
[INFO] 01-Jan-2022 02:41:57 - [EDGENORMAL] Model Loaded:
edgenormal_23Dec2021-2004_99.26%.h5
[INFO] 01-Jan-2022 02:41:59 - All Models Ready
[INFO] 01-Jan-2022 02:41:59 - --------------------------------------------------
[INFO] 01-Jan-2022 02:41:59 - KLA File Loaded: CHIPTEST_01.000
[WARNING] 01-Jan-2022 02:41:59 - Ignoring unsorted CLASSNUMBERS (#175)
[WARNING] 01-Jan-2022 02:41:59 - 102 images missing (#176, #175) (Retry = 3)
[WARNING] 01-Jan-2022 02:42:04 - 102 images missing (#176, #175) (Retry = 2)
[WARNING] 01-Jan-2022 02:42:09 - 102 images missing (#176, #175) (Retry = 1)
[WARNING] 01-Jan-2022 02:42:14 - Ignoring the missing 102 images referenced
[INFO] 01-Jan-2022 02:42:14 - Backside Classification: 70 images
[INFO] 01-Jan-2022 02:42:17 - Results added to .../backside_pred.csv
[INFO] 01-Jan-2022 02:42:18 - 71 file(s) copied and moved
[INFO] 01-Jan-2022 02:42:18 - Edgenormal Classification: 61 images
[INFO] 01-Jan-2022 02:42:21 - Results added to .../edgenormal_pred.csv
[INFO] 01-Jan-2022 02:42:22 - 62 file(s) copied and moved
[INFO] 01-Jan-2022 02:42:22 - Frontside IGNORED: 2 images
[INFO] 01-Jan-2022 02:42:22 - 3 file(s) copied and moved
[INFO] 01-Jan-2022 02:42:22 - 2 file(s) copied and moved
[INFO] 01-Jan-2022 02:42:22 - CHIPTEST_01.000 completed!
[INFO] 01-Jan-2022 02:42:22 - Duration: 0.39 mins
[INFO] 01-Jan-2022 02:42:22 - --------------------------------------------------
[INFO] 01-Jan-2022 02:42:22 - No KLA files found, checking every 30 seconds...
[WARNING] 01-Jan-2022 02:42:55 - Production Stopped
[INFO] 01-Jan-2022 02:42:56 - Safely shutting down ADCS...
